2019-03-18 19:55:56,599 [INFO] from play.api.db.DefaultDBApi in play-dev-mode-akka.actor.default-dispatcher-9 - Database [default] initialized at jdbc:h2:file:./data/productsDB
2019-03-18 19:55:56,613 [INFO] from application in play-dev-mode-akka.actor.default-dispatcher-9 - Creating Pool for datasource 'default'
2019-03-18 19:55:58,695 [INFO] from application in play-dev-mode-akka.actor.default-dispatcher-9 - ApplicationTimer demo: Starting application at 2019-03-18T19:55:58.692Z
2019-03-18 19:55:59,176 [WARN] from org.hibernate.validator.messageinterpolation.ParameterMessageInterpolator in play-dev-mode-akka.actor.default-dispatcher-9 - HV000184: ParameterMessageInterpolator has been chosen, EL interpolation will not be supported
2019-03-18 19:55:59,440 [INFO] from play.api.http.EnabledFilters in play-dev-mode-akka.actor.default-dispatcher-9 - Enabled Filters (see <https://www.playframework.com/documentation/latest/Filters>):

    play.filters.csrf.CSRFFilter
    play.filters.headers.SecurityHeadersFilter
    play.filters.hosts.AllowedHostsFilter
    filters.ExampleFilter

2019-03-18 19:55:59,445 [INFO] from play.api.Play in play-dev-mode-akka.actor.default-dispatcher-9 - Application started (Dev)
2019-03-18 19:56:11,626 [WARN] from application in application-akka.actor.default-dispatcher-4 - The "validate" method in class "models.users.Login" is deprecated since Play 2.6. To migrate to class-level constraints see https://www.playframework.com/documentation/2.6.x/Migration26#java-form-changes and https://www.playframework.com/documentation/2.6.x/JavaForms#Advanced-validation
2019-03-18 19:56:12,776 [ERROR] from application in application-akka.actor.default-dispatcher-4 - 

! @7b91g9n3m - Internal server error, for (GET) [/employees] ->
 
play.api.http.HttpErrorHandlerExceptions$$anon$1: Execution exception[[CompletionException: javax.persistence.PersistenceException: Query threw SQLException:Column "T0.DEPARTMENT_ID" not found; SQL statement:
select t0.department_id, t0.type, t0.id, t0.email, t0.date_of_birth, t0.name, t0.password, t0.role, t0.job_role, t0.address_id, t0.dept from User t0 where t0.type = 'e'  and (t0.department_id) in (?,?,?,?,?,?,?,?,?,?)  [42122-197] Bind values:[null] Query was:select t0.department_id, t0.type, t0.id, t0.email, t0.date_of_birth, t0.name, t0.password, t0.role, t0.job_role, t0.address_id, t0.dept from User t0 where t0.type = 'e'  and (t0.department_id) in (?,?,?,?,?,?,?,?,?,?) ]]
	at play.api.http.HttpErrorHandlerExceptions$.throwableToUsefulException(HttpErrorHandler.scala:251)
	at play.api.http.DefaultHttpErrorHandler.onServerError(HttpErrorHandler.scala:178)
	at play.core.server.AkkaHttpServer$$anonfun$1.applyOrElse(AkkaHttpServer.scala:382)
	at play.core.server.AkkaHttpServer$$anonfun$1.applyOrElse(AkkaHttpServer.scala:380)
	at scala.concurrent.Future.$anonfun$recoverWith$1(Future.scala:417)
	at scala.concurrent.impl.Promise.$anonfun$transformWith$1(Promise.scala:41)
	at scala.concurrent.impl.CallbackRunnable.run(Promise.scala:64)
	at akka.dispatch.BatchingExecutor$AbstractBatch.processBatch(BatchingExecutor.scala:55)
	at akka.dispatch.BatchingExecutor$BlockableBatch.$anonfun$run$1(BatchingExecutor.scala:91)
	at scala.runtime.java8.JFunction0$mcV$sp.apply(JFunction0$mcV$sp.java:23)
	at scala.concurrent.BlockContext$.withBlockContext(BlockContext.scala:85)
	at akka.dispatch.BatchingExecutor$BlockableBatch.run(BatchingExecutor.scala:91)
	at akka.dispatch.TaskInvocation.run(AbstractDispatcher.scala:40)
	at akka.dispatch.ForkJoinExecutorConfigurator$AkkaForkJoinTask.exec(ForkJoinExecutorConfigurator.scala:44)
	at akka.dispatch.forkjoin.ForkJoinTask.doExec(ForkJoinTask.java:260)
	at akka.dispatch.forkjoin.ForkJoinPool$WorkQueue.runTask(ForkJoinPool.java:1339)
	at akka.dispatch.forkjoin.ForkJoinPool.runWorker(ForkJoinPool.java:1979)
	at akka.dispatch.forkjoin.ForkJoinWorkerThread.run(ForkJoinWorkerThread.java:107)
Caused by: java.util.concurrent.CompletionException: javax.persistence.PersistenceException: Query threw SQLException:Column "T0.DEPARTMENT_ID" not found; SQL statement:
select t0.department_id, t0.type, t0.id, t0.email, t0.date_of_birth, t0.name, t0.password, t0.role, t0.job_role, t0.address_id, t0.dept from User t0 where t0.type = 'e'  and (t0.department_id) in (?,?,?,?,?,?,?,?,?,?)  [42122-197] Bind values:[null] Query was:select t0.department_id, t0.type, t0.id, t0.email, t0.date_of_birth, t0.name, t0.password, t0.role, t0.job_role, t0.address_id, t0.dept from User t0 where t0.type = 'e'  and (t0.department_id) in (?,?,?,?,?,?,?,?,?,?) 
	at java.util.concurrent.CompletableFuture.encodeThrowable(CompletableFuture.java:292)
	at java.util.concurrent.CompletableFuture.completeThrowable(CompletableFuture.java:308)
	at java.util.concurrent.CompletableFuture.uniApply(CompletableFuture.java:593)
	at java.util.concurrent.CompletableFuture$UniApply.tryFire(CompletableFuture.java:577)
	at java.util.concurrent.CompletableFuture.uniApplyStage(CompletableFuture.java:617)
	at java.util.concurrent.CompletableFuture.thenApplyAsync(CompletableFuture.java:1993)
	at java.util.concurrent.CompletableFuture.thenApplyAsync(CompletableFuture.java:110)
	at play.libs.streams.Accumulator$StrictAccumulator.lambda$map$0(Accumulator.java:362)
	at java.util.function.Function.lambda$andThen$1(Function.java:88)
	at java.util.function.Function.lambda$andThen$1(Function.java:88)
	at play.libs.streams.Accumulator$StrictAccumulator$1.apply(Accumulator.java:403)
	at play.libs.streams.Accumulator$StrictAccumulator$1.apply(Accumulator.java:400)
	at scala.Function1.$anonfun$andThen$1(Function1.scala:57)
	at scala.Function1.$anonfun$andThen$1(Function1.scala:57)
	at play.api.libs.streams.StrictAccumulator.run(Accumulator.scala:207)
	at play.core.server.AkkaHttpServer.$anonfun$runAction$4(AkkaHttpServer.scala:376)
	at akka.http.scaladsl.util.FastFuture$.strictTransform$1(FastFuture.scala:41)
	at akka.http.scaladsl.util.FastFuture$.$anonfun$transformWith$3(FastFuture.scala:51)
	... 12 common frames omitted
Caused by: javax.persistence.PersistenceException: Query threw SQLException:Column "T0.DEPARTMENT_ID" not found; SQL statement:
select t0.department_id, t0.type, t0.id, t0.email, t0.date_of_birth, t0.name, t0.password, t0.role, t0.job_role, t0.address_id, t0.dept from User t0 where t0.type = 'e'  and (t0.department_id) in (?,?,?,?,?,?,?,?,?,?)  [42122-197] Bind values:[null] Query was:select t0.department_id, t0.type, t0.id, t0.email, t0.date_of_birth, t0.name, t0.password, t0.role, t0.job_role, t0.address_id, t0.dept from User t0 where t0.type = 'e'  and (t0.department_id) in (?,?,?,?,?,?,?,?,?,?) 
	at io.ebean.config.dbplatform.SqlCodeTranslator.translate(SqlCodeTranslator.java:48)
	at io.ebean.config.dbplatform.DatabasePlatform.translate(DatabasePlatform.java:195)
	at io.ebeaninternal.server.query.CQueryEngine.translate(CQueryEngine.java:139)
	at io.ebeaninternal.server.query.DefaultOrmQueryEngine.translate(DefaultOrmQueryEngine.java:38)
	at io.ebeaninternal.server.core.OrmQueryRequest.translate(OrmQueryRequest.java:81)
	at io.ebeaninternal.server.query.CQuery.createPersistenceException(CQuery.java:666)
	at io.ebeaninternal.server.query.CQueryEngine.findMany(CQueryEngine.java:373)
	at io.ebeaninternal.server.query.DefaultOrmQueryEngine.findMany(DefaultOrmQueryEngine.java:126)
	at io.ebeaninternal.server.core.OrmQueryRequest.findList(OrmQueryRequest.java:371)
	at io.ebeaninternal.server.core.DefaultServer.findList(DefaultServer.java:1506)
	at io.ebeaninternal.server.core.DefaultBeanLoader.executeQuery(DefaultBeanLoader.java:231)
	at io.ebeaninternal.server.core.DefaultBeanLoader.loadMany(DefaultBeanLoader.java:88)
	at io.ebeaninternal.server.core.DefaultServer.loadMany(DefaultServer.java:492)
	at io.ebeaninternal.server.loadcontext.DLoadManyContext$LoadBuffer.loadMany(DLoadManyContext.java:223)
	at io.ebean.common.AbstractBeanCollection.lazyLoadCollection(AbstractBeanCollection.java:106)
	at io.ebean.common.BeanList.init(BeanList.java:135)
	at io.ebean.common.BeanList.size(BeanList.java:459)
	at views.html.employees$.$anonfun$apply$1(employees.template.scala:59)
	at scala.collection.TraversableLike.$anonfun$map$1(TraversableLike.scala:237)
	at scala.collection.Iterator.foreach(Iterator.scala:941)
	at scala.collection.Iterator.foreach$(Iterator.scala:941)
	at scala.collection.AbstractIterator.foreach(Iterator.scala:1429)
	at scala.collection.IterableLike.foreach(IterableLike.scala:74)
	at scala.collection.IterableLike.foreach$(IterableLike.scala:73)
	at scala.collection.AbstractIterable.foreach(Iterable.scala:56)
	at scala.collection.TraversableLike.map(TraversableLike.scala:237)
	at scala.collection.TraversableLike.map$(TraversableLike.scala:230)
	at scala.collection.AbstractTraversable.map(Traversable.scala:108)
	at views.html.employees$.apply(employees.template.scala:57)
	at views.html.employees$.render(employees.template.scala:148)
	at views.html.employees.render(employees.template.scala)
	at controllers.HomeController.usersEmployees(HomeController.java:254)
	at router.Routes$$anonfun$routes$1.$anonfun$applyOrElse$24(Routes.scala:551)
	at play.core.routing.HandlerInvokerFactory$$anon$6.resultCall(HandlerInvoker.scala:134)
	at play.core.routing.HandlerInvokerFactory$$anon$6.resultCall(HandlerInvoker.scala:133)
	at play.core.routing.HandlerInvokerFactory$JavaActionInvokerFactory$$anon$3$$anon$4$$anon$5.invocation(HandlerInvoker.scala:108)
	at play.core.j.JavaAction$$anon$1.call(JavaAction.scala:88)
	at play.http.DefaultActionCreator$1.call(DefaultActionCreator.java:31)
	at play.core.j.JavaAction.$anonfun$apply$8(JavaAction.scala:138)
	at scala.concurrent.Future$.$anonfun$apply$1(Future.scala:658)
	at scala.util.Success.$anonfun$map$1(Try.scala:255)
	at scala.util.Success.map(Try.scala:213)
	at scala.concurrent.Future.$anonfun$map$1(Future.scala:292)
	at scala.concurrent.impl.Promise.liftedTree1$1(Promise.scala:33)
	at scala.concurrent.impl.Promise.$anonfun$transform$1(Promise.scala:33)
	at scala.concurrent.impl.CallbackRunnable.run(Promise.scala:64)
	at play.core.j.HttpExecutionContext$$anon$2.run(HttpExecutionContext.scala:56)
	at play.api.libs.streams.Execution$trampoline$.execute(Execution.scala:70)
	at play.core.j.HttpExecutionContext.execute(HttpExecutionContext.scala:48)
	at scala.concurrent.impl.CallbackRunnable.executeWithValue(Promise.scala:72)
	at scala.concurrent.impl.Promise$KeptPromise$Kept.onComplete(Promise.scala:372)
	at scala.concurrent.impl.Promise$KeptPromise$Kept.onComplete$(Promise.scala:371)
	at scala.concurrent.impl.Promise$KeptPromise$Successful.onComplete(Promise.scala:379)
	at scala.concurrent.impl.Promise.transform(Promise.scala:33)
	at scala.concurrent.impl.Promise.transform$(Promise.scala:31)
	at scala.concurrent.impl.Promise$KeptPromise$Successful.transform(Promise.scala:379)
	at scala.concurrent.Future.map(Future.scala:292)
	at scala.concurrent.Future.map$(Future.scala:292)
	at scala.concurrent.impl.Promise$KeptPromise$Successful.map(Promise.scala:379)
	at scala.concurrent.Future$.apply(Future.scala:658)
	at play.core.j.JavaAction.apply(JavaAction.scala:138)
	at play.api.mvc.Action.$anonfun$apply$2(Action.scala:96)
	at play.api.libs.streams.StrictAccumulator.$anonfun$mapFuture$4(Accumulator.scala:174)
	at scala.util.Try$.apply(Try.scala:213)
	at play.api.libs.streams.StrictAccumulator.$anonfun$mapFuture$3(Accumulator.scala:174)
	at scala.Function1.$anonfun$andThen$1(Function1.scala:57)
	at scala.Function1.$anonfun$andThen$1(Function1.scala:57)
	at play.api.libs.streams.StrictAccumulator$$anon$1.apply(Accumulator.scala:218)
	at play.api.libs.streams.StrictAccumulator$$anon$1.apply(Accumulator.scala:217)
	... 22 common frames omitted
Caused by: org.h2.jdbc.JdbcSQLException: Column "T0.DEPARTMENT_ID" not found; SQL statement:
select t0.department_id, t0.type, t0.id, t0.email, t0.date_of_birth, t0.name, t0.password, t0.role, t0.job_role, t0.address_id, t0.dept from User t0 where t0.type = 'e'  and (t0.department_id) in (?,?,?,?,?,?,?,?,?,?)  [42122-197]
	at org.h2.message.DbException.getJdbcSQLException(DbException.java:357)
	at org.h2.message.DbException.get(DbException.java:179)
	at org.h2.message.DbException.get(DbException.java:155)
	at org.h2.expression.ExpressionColumn.optimize(ExpressionColumn.java:150)
	at org.h2.command.dml.Select.prepare(Select.java:858)
	at org.h2.command.Parser.prepareCommand(Parser.java:283)
	at org.h2.engine.Session.prepareLocal(Session.java:611)
	at org.h2.engine.Session.prepareCommand(Session.java:549)
	at org.h2.jdbc.JdbcConnection.prepareCommand(JdbcConnection.java:1247)
	at org.h2.jdbc.JdbcPreparedStatement.<init>(JdbcPreparedStatement.java:76)
	at org.h2.jdbc.JdbcConnection.prepareStatement(JdbcConnection.java:304)
	at com.zaxxer.hikari.pool.ProxyConnection.prepareStatement(ProxyConnection.java:318)
	at com.zaxxer.hikari.pool.HikariProxyConnection.prepareStatement(HikariProxyConnection.java)
	at io.ebeaninternal.server.query.CQuery.prepareBindExecuteQueryWithOption(CQuery.java:343)
	at io.ebeaninternal.server.query.CQuery.prepareBindExecuteQuery(CQuery.java:310)
	at io.ebeaninternal.server.query.CQueryEngine.findMany(CQueryEngine.java:349)
	... 84 common frames omitted
2019-03-18 20:18:01,839 [INFO] from application in application-akka.actor.default-dispatcher-2 - ApplicationTimer demo: Stopping application at 2019-03-18T20:18:01.839Z after 1323s.
2019-03-18 20:18:01,842 [INFO] from application in application-akka.actor.default-dispatcher-2 - Shutting down connection pool.
2019-03-18 20:18:02,138 [INFO] from play.api.db.DefaultDBApi in play-dev-mode-akka.actor.default-dispatcher-17 - Database [default] initialized at jdbc:h2:file:./data/productsDB
2019-03-18 20:18:02,138 [INFO] from application in play-dev-mode-akka.actor.default-dispatcher-17 - Creating Pool for datasource 'default'
2019-03-18 20:18:02,290 [INFO] from application in play-dev-mode-akka.actor.default-dispatcher-17 - ApplicationTimer demo: Starting application at 2019-03-18T20:18:02.290Z
2019-03-18 20:18:02,321 [WARN] from org.hibernate.validator.messageinterpolation.ParameterMessageInterpolator in play-dev-mode-akka.actor.default-dispatcher-17 - HV000184: ParameterMessageInterpolator has been chosen, EL interpolation will not be supported
2019-03-18 20:18:02,522 [INFO] from play.api.http.EnabledFilters in play-dev-mode-akka.actor.default-dispatcher-17 - Enabled Filters (see <https://www.playframework.com/documentation/latest/Filters>):

    play.filters.csrf.CSRFFilter
    play.filters.headers.SecurityHeadersFilter
    play.filters.hosts.AllowedHostsFilter
    filters.ExampleFilter

2019-03-18 20:18:02,523 [INFO] from play.api.Play in play-dev-mode-akka.actor.default-dispatcher-17 - Application started (Dev)
2019-03-18 20:18:02,596 [ERROR] from application in application-akka.actor.default-dispatcher-3 - 

! @7b91j6ajf - Internal server error, for (GET) [/employees] ->
 
play.api.http.HttpErrorHandlerExceptions$$anon$1: Execution exception[[CompletionException: javax.persistence.PersistenceException: Query threw SQLException:Column "T0.DEPARTMENT_ID" not found; SQL statement:
select t0.department_id, t0.type, t0.id, t0.email, t0.date_of_birth, t0.name, t0.password, t0.role, t0.job_role, t0.address_id, t0.dept from User t0 where t0.type = 'e'  and (t0.department_id) in (?,?,?,?,?,?,?,?,?,?)  [42122-197] Bind values:[null] Query was:select t0.department_id, t0.type, t0.id, t0.email, t0.date_of_birth, t0.name, t0.password, t0.role, t0.job_role, t0.address_id, t0.dept from User t0 where t0.type = 'e'  and (t0.department_id) in (?,?,?,?,?,?,?,?,?,?) ]]
	at play.api.http.HttpErrorHandlerExceptions$.throwableToUsefulException(HttpErrorHandler.scala:251)
	at play.api.http.DefaultHttpErrorHandler.onServerError(HttpErrorHandler.scala:178)
	at play.core.server.AkkaHttpServer$$anonfun$1.applyOrElse(AkkaHttpServer.scala:382)
	at play.core.server.AkkaHttpServer$$anonfun$1.applyOrElse(AkkaHttpServer.scala:380)
	at scala.concurrent.Future.$anonfun$recoverWith$1(Future.scala:417)
	at scala.concurrent.impl.Promise.$anonfun$transformWith$1(Promise.scala:41)
	at scala.concurrent.impl.CallbackRunnable.run(Promise.scala:64)
	at akka.dispatch.BatchingExecutor$AbstractBatch.processBatch(BatchingExecutor.scala:55)
	at akka.dispatch.BatchingExecutor$BlockableBatch.$anonfun$run$1(BatchingExecutor.scala:91)
	at scala.runtime.java8.JFunction0$mcV$sp.apply(JFunction0$mcV$sp.java:23)
	at scala.concurrent.BlockContext$.withBlockContext(BlockContext.scala:85)
	at akka.dispatch.BatchingExecutor$BlockableBatch.run(BatchingExecutor.scala:91)
	at akka.dispatch.TaskInvocation.run(AbstractDispatcher.scala:40)
	at akka.dispatch.ForkJoinExecutorConfigurator$AkkaForkJoinTask.exec(ForkJoinExecutorConfigurator.scala:44)
	at akka.dispatch.forkjoin.ForkJoinTask.doExec(ForkJoinTask.java:260)
	at akka.dispatch.forkjoin.ForkJoinPool$WorkQueue.runTask(ForkJoinPool.java:1339)
	at akka.dispatch.forkjoin.ForkJoinPool.runWorker(ForkJoinPool.java:1979)
	at akka.dispatch.forkjoin.ForkJoinWorkerThread.run(ForkJoinWorkerThread.java:107)
Caused by: java.util.concurrent.CompletionException: javax.persistence.PersistenceException: Query threw SQLException:Column "T0.DEPARTMENT_ID" not found; SQL statement:
select t0.department_id, t0.type, t0.id, t0.email, t0.date_of_birth, t0.name, t0.password, t0.role, t0.job_role, t0.address_id, t0.dept from User t0 where t0.type = 'e'  and (t0.department_id) in (?,?,?,?,?,?,?,?,?,?)  [42122-197] Bind values:[null] Query was:select t0.department_id, t0.type, t0.id, t0.email, t0.date_of_birth, t0.name, t0.password, t0.role, t0.job_role, t0.address_id, t0.dept from User t0 where t0.type = 'e'  and (t0.department_id) in (?,?,?,?,?,?,?,?,?,?) 
	at java.util.concurrent.CompletableFuture.encodeThrowable(CompletableFuture.java:292)
	at java.util.concurrent.CompletableFuture.completeThrowable(CompletableFuture.java:308)
	at java.util.concurrent.CompletableFuture.uniApply(CompletableFuture.java:593)
	at java.util.concurrent.CompletableFuture$UniApply.tryFire(CompletableFuture.java:577)
	at java.util.concurrent.CompletableFuture.uniApplyStage(CompletableFuture.java:617)
	at java.util.concurrent.CompletableFuture.thenApplyAsync(CompletableFuture.java:1993)
	at java.util.concurrent.CompletableFuture.thenApplyAsync(CompletableFuture.java:110)
	at play.libs.streams.Accumulator$StrictAccumulator.lambda$map$0(Accumulator.java:362)
	at java.util.function.Function.lambda$andThen$1(Function.java:88)
	at java.util.function.Function.lambda$andThen$1(Function.java:88)
	at play.libs.streams.Accumulator$StrictAccumulator$1.apply(Accumulator.java:403)
	at play.libs.streams.Accumulator$StrictAccumulator$1.apply(Accumulator.java:400)
	at scala.Function1.$anonfun$andThen$1(Function1.scala:57)
	at scala.Function1.$anonfun$andThen$1(Function1.scala:57)
	at play.api.libs.streams.StrictAccumulator.run(Accumulator.scala:207)
	at play.core.server.AkkaHttpServer.$anonfun$runAction$4(AkkaHttpServer.scala:376)
	at akka.http.scaladsl.util.FastFuture$.strictTransform$1(FastFuture.scala:41)
	at akka.http.scaladsl.util.FastFuture$.$anonfun$transformWith$3(FastFuture.scala:51)
	... 12 common frames omitted
Caused by: javax.persistence.PersistenceException: Query threw SQLException:Column "T0.DEPARTMENT_ID" not found; SQL statement:
select t0.department_id, t0.type, t0.id, t0.email, t0.date_of_birth, t0.name, t0.password, t0.role, t0.job_role, t0.address_id, t0.dept from User t0 where t0.type = 'e'  and (t0.department_id) in (?,?,?,?,?,?,?,?,?,?)  [42122-197] Bind values:[null] Query was:select t0.department_id, t0.type, t0.id, t0.email, t0.date_of_birth, t0.name, t0.password, t0.role, t0.job_role, t0.address_id, t0.dept from User t0 where t0.type = 'e'  and (t0.department_id) in (?,?,?,?,?,?,?,?,?,?) 
	at io.ebean.config.dbplatform.SqlCodeTranslator.translate(SqlCodeTranslator.java:48)
	at io.ebean.config.dbplatform.DatabasePlatform.translate(DatabasePlatform.java:195)
	at io.ebeaninternal.server.query.CQueryEngine.translate(CQueryEngine.java:139)
	at io.ebeaninternal.server.query.DefaultOrmQueryEngine.translate(DefaultOrmQueryEngine.java:38)
	at io.ebeaninternal.server.core.OrmQueryRequest.translate(OrmQueryRequest.java:81)
	at io.ebeaninternal.server.query.CQuery.createPersistenceException(CQuery.java:666)
	at io.ebeaninternal.server.query.CQueryEngine.findMany(CQueryEngine.java:373)
	at io.ebeaninternal.server.query.DefaultOrmQueryEngine.findMany(DefaultOrmQueryEngine.java:126)
	at io.ebeaninternal.server.core.OrmQueryRequest.findList(OrmQueryRequest.java:371)
	at io.ebeaninternal.server.core.DefaultServer.findList(DefaultServer.java:1506)
	at io.ebeaninternal.server.core.DefaultBeanLoader.executeQuery(DefaultBeanLoader.java:231)
	at io.ebeaninternal.server.core.DefaultBeanLoader.loadMany(DefaultBeanLoader.java:88)
	at io.ebeaninternal.server.core.DefaultServer.loadMany(DefaultServer.java:492)
	at io.ebeaninternal.server.loadcontext.DLoadManyContext$LoadBuffer.loadMany(DLoadManyContext.java:223)
	at io.ebean.common.AbstractBeanCollection.lazyLoadCollection(AbstractBeanCollection.java:106)
	at io.ebean.common.BeanList.init(BeanList.java:135)
	at io.ebean.common.BeanList.size(BeanList.java:459)
	at views.html.employees$.$anonfun$apply$1(employees.template.scala:59)
	at scala.collection.TraversableLike.$anonfun$map$1(TraversableLike.scala:237)
	at scala.collection.Iterator.foreach(Iterator.scala:941)
	at scala.collection.Iterator.foreach$(Iterator.scala:941)
	at scala.collection.AbstractIterator.foreach(Iterator.scala:1429)
	at scala.collection.IterableLike.foreach(IterableLike.scala:74)
	at scala.collection.IterableLike.foreach$(IterableLike.scala:73)
	at scala.collection.AbstractIterable.foreach(Iterable.scala:56)
	at scala.collection.TraversableLike.map(TraversableLike.scala:237)
	at scala.collection.TraversableLike.map$(TraversableLike.scala:230)
	at scala.collection.AbstractTraversable.map(Traversable.scala:108)
	at views.html.employees$.apply(employees.template.scala:57)
	at views.html.employees$.render(employees.template.scala:148)
	at views.html.employees.render(employees.template.scala)
	at controllers.HomeController.usersEmployees(HomeController.java:254)
	at router.Routes$$anonfun$routes$1.$anonfun$applyOrElse$24(Routes.scala:551)
	at play.core.routing.HandlerInvokerFactory$$anon$6.resultCall(HandlerInvoker.scala:134)
	at play.core.routing.HandlerInvokerFactory$$anon$6.resultCall(HandlerInvoker.scala:133)
	at play.core.routing.HandlerInvokerFactory$JavaActionInvokerFactory$$anon$3$$anon$4$$anon$5.invocation(HandlerInvoker.scala:108)
	at play.core.j.JavaAction$$anon$1.call(JavaAction.scala:88)
	at play.http.DefaultActionCreator$1.call(DefaultActionCreator.java:31)
	at play.core.j.JavaAction.$anonfun$apply$8(JavaAction.scala:138)
	at scala.concurrent.Future$.$anonfun$apply$1(Future.scala:658)
	at scala.util.Success.$anonfun$map$1(Try.scala:255)
	at scala.util.Success.map(Try.scala:213)
	at scala.concurrent.Future.$anonfun$map$1(Future.scala:292)
	at scala.concurrent.impl.Promise.liftedTree1$1(Promise.scala:33)
	at scala.concurrent.impl.Promise.$anonfun$transform$1(Promise.scala:33)
	at scala.concurrent.impl.CallbackRunnable.run(Promise.scala:64)
	at play.core.j.HttpExecutionContext$$anon$2.run(HttpExecutionContext.scala:56)
	at play.api.libs.streams.Execution$trampoline$.execute(Execution.scala:70)
	at play.core.j.HttpExecutionContext.execute(HttpExecutionContext.scala:48)
	at scala.concurrent.impl.CallbackRunnable.executeWithValue(Promise.scala:72)
	at scala.concurrent.impl.Promise$KeptPromise$Kept.onComplete(Promise.scala:372)
	at scala.concurrent.impl.Promise$KeptPromise$Kept.onComplete$(Promise.scala:371)
	at scala.concurrent.impl.Promise$KeptPromise$Successful.onComplete(Promise.scala:379)
	at scala.concurrent.impl.Promise.transform(Promise.scala:33)
	at scala.concurrent.impl.Promise.transform$(Promise.scala:31)
	at scala.concurrent.impl.Promise$KeptPromise$Successful.transform(Promise.scala:379)
	at scala.concurrent.Future.map(Future.scala:292)
	at scala.concurrent.Future.map$(Future.scala:292)
	at scala.concurrent.impl.Promise$KeptPromise$Successful.map(Promise.scala:379)
	at scala.concurrent.Future$.apply(Future.scala:658)
	at play.core.j.JavaAction.apply(JavaAction.scala:138)
	at play.api.mvc.Action.$anonfun$apply$2(Action.scala:96)
	at play.api.libs.streams.StrictAccumulator.$anonfun$mapFuture$4(Accumulator.scala:174)
	at scala.util.Try$.apply(Try.scala:213)
	at play.api.libs.streams.StrictAccumulator.$anonfun$mapFuture$3(Accumulator.scala:174)
	at scala.Function1.$anonfun$andThen$1(Function1.scala:57)
	at scala.Function1.$anonfun$andThen$1(Function1.scala:57)
	at play.api.libs.streams.StrictAccumulator$$anon$1.apply(Accumulator.scala:218)
	at play.api.libs.streams.StrictAccumulator$$anon$1.apply(Accumulator.scala:217)
	... 22 common frames omitted
Caused by: org.h2.jdbc.JdbcSQLException: Column "T0.DEPARTMENT_ID" not found; SQL statement:
select t0.department_id, t0.type, t0.id, t0.email, t0.date_of_birth, t0.name, t0.password, t0.role, t0.job_role, t0.address_id, t0.dept from User t0 where t0.type = 'e'  and (t0.department_id) in (?,?,?,?,?,?,?,?,?,?)  [42122-197]
	at org.h2.message.DbException.getJdbcSQLException(DbException.java:357)
	at org.h2.message.DbException.get(DbException.java:179)
	at org.h2.message.DbException.get(DbException.java:155)
	at org.h2.expression.ExpressionColumn.optimize(ExpressionColumn.java:150)
	at org.h2.command.dml.Select.prepare(Select.java:858)
	at org.h2.command.Parser.prepareCommand(Parser.java:283)
	at org.h2.engine.Session.prepareLocal(Session.java:611)
	at org.h2.engine.Session.prepareCommand(Session.java:549)
	at org.h2.jdbc.JdbcConnection.prepareCommand(JdbcConnection.java:1247)
	at org.h2.jdbc.JdbcPreparedStatement.<init>(JdbcPreparedStatement.java:76)
	at org.h2.jdbc.JdbcConnection.prepareStatement(JdbcConnection.java:304)
	at com.zaxxer.hikari.pool.ProxyConnection.prepareStatement(ProxyConnection.java:318)
	at com.zaxxer.hikari.pool.HikariProxyConnection.prepareStatement(HikariProxyConnection.java)
	at io.ebeaninternal.server.query.CQuery.prepareBindExecuteQueryWithOption(CQuery.java:343)
	at io.ebeaninternal.server.query.CQuery.prepareBindExecuteQuery(CQuery.java:310)
	at io.ebeaninternal.server.query.CQueryEngine.findMany(CQueryEngine.java:349)
	... 84 common frames omitted
2019-03-18 20:18:56,487 [INFO] from application in application-akka.actor.default-dispatcher-9 - ApplicationTimer demo: Stopping application at 2019-03-18T20:18:56.487Z after 54s.
2019-03-18 20:18:56,489 [INFO] from application in application-akka.actor.default-dispatcher-9 - Shutting down connection pool.
2019-03-18 20:18:57,012 [INFO] from play.api.db.DefaultDBApi in play-dev-mode-akka.actor.default-dispatcher-5 - Database [default] initialized at jdbc:h2:file:./data/productsDB
2019-03-18 20:18:57,012 [INFO] from application in play-dev-mode-akka.actor.default-dispatcher-5 - Creating Pool for datasource 'default'
2019-03-18 20:18:57,221 [INFO] from application in play-dev-mode-akka.actor.default-dispatcher-5 - ApplicationTimer demo: Starting application at 2019-03-18T20:18:57.220Z
2019-03-18 20:18:57,267 [WARN] from org.hibernate.validator.messageinterpolation.ParameterMessageInterpolator in play-dev-mode-akka.actor.default-dispatcher-5 - HV000184: ParameterMessageInterpolator has been chosen, EL interpolation will not be supported
2019-03-18 20:18:57,492 [INFO] from play.api.http.EnabledFilters in play-dev-mode-akka.actor.default-dispatcher-5 - Enabled Filters (see <https://www.playframework.com/documentation/latest/Filters>):

    play.filters.csrf.CSRFFilter
    play.filters.headers.SecurityHeadersFilter
    play.filters.hosts.AllowedHostsFilter
    filters.ExampleFilter

2019-03-18 20:18:57,493 [INFO] from play.api.Play in play-dev-mode-akka.actor.default-dispatcher-5 - Application started (Dev)
2019-03-18 20:18:57,625 [ERROR] from application in application-akka.actor.default-dispatcher-6 - 

! @7b91j9e41 - Internal server error, for (GET) [/employees] ->
 
play.api.http.HttpErrorHandlerExceptions$$anon$1: Execution exception[[CompletionException: javax.persistence.PersistenceException: Query threw SQLException:Column "T0.DEPARTMENT_ID" not found; SQL statement:
select t0.department_id, t0.type, t0.id, t0.email, t0.date_of_birth, t0.name, t0.password, t0.role, t0.job_role, t0.address_id, t0.dept from User t0 where t0.type = 'e'  and (t0.department_id) in (?,?,?,?,?,?,?,?,?,?)  [42122-197] Bind values:[null] Query was:select t0.department_id, t0.type, t0.id, t0.email, t0.date_of_birth, t0.name, t0.password, t0.role, t0.job_role, t0.address_id, t0.dept from User t0 where t0.type = 'e'  and (t0.department_id) in (?,?,?,?,?,?,?,?,?,?) ]]
	at play.api.http.HttpErrorHandlerExceptions$.throwableToUsefulException(HttpErrorHandler.scala:251)
	at play.api.http.DefaultHttpErrorHandler.onServerError(HttpErrorHandler.scala:178)
	at play.core.server.AkkaHttpServer$$anonfun$1.applyOrElse(AkkaHttpServer.scala:382)
	at play.core.server.AkkaHttpServer$$anonfun$1.applyOrElse(AkkaHttpServer.scala:380)
	at scala.concurrent.Future.$anonfun$recoverWith$1(Future.scala:417)
	at scala.concurrent.impl.Promise.$anonfun$transformWith$1(Promise.scala:41)
	at scala.concurrent.impl.CallbackRunnable.run(Promise.scala:64)
	at akka.dispatch.BatchingExecutor$AbstractBatch.processBatch(BatchingExecutor.scala:55)
	at akka.dispatch.BatchingExecutor$BlockableBatch.$anonfun$run$1(BatchingExecutor.scala:91)
	at scala.runtime.java8.JFunction0$mcV$sp.apply(JFunction0$mcV$sp.java:23)
	at scala.concurrent.BlockContext$.withBlockContext(BlockContext.scala:85)
	at akka.dispatch.BatchingExecutor$BlockableBatch.run(BatchingExecutor.scala:91)
	at akka.dispatch.TaskInvocation.run(AbstractDispatcher.scala:40)
	at akka.dispatch.ForkJoinExecutorConfigurator$AkkaForkJoinTask.exec(ForkJoinExecutorConfigurator.scala:44)
	at akka.dispatch.forkjoin.ForkJoinTask.doExec(ForkJoinTask.java:260)
	at akka.dispatch.forkjoin.ForkJoinPool$WorkQueue.runTask(ForkJoinPool.java:1339)
	at akka.dispatch.forkjoin.ForkJoinPool.runWorker(ForkJoinPool.java:1979)
	at akka.dispatch.forkjoin.ForkJoinWorkerThread.run(ForkJoinWorkerThread.java:107)
Caused by: java.util.concurrent.CompletionException: javax.persistence.PersistenceException: Query threw SQLException:Column "T0.DEPARTMENT_ID" not found; SQL statement:
select t0.department_id, t0.type, t0.id, t0.email, t0.date_of_birth, t0.name, t0.password, t0.role, t0.job_role, t0.address_id, t0.dept from User t0 where t0.type = 'e'  and (t0.department_id) in (?,?,?,?,?,?,?,?,?,?)  [42122-197] Bind values:[null] Query was:select t0.department_id, t0.type, t0.id, t0.email, t0.date_of_birth, t0.name, t0.password, t0.role, t0.job_role, t0.address_id, t0.dept from User t0 where t0.type = 'e'  and (t0.department_id) in (?,?,?,?,?,?,?,?,?,?) 
	at java.util.concurrent.CompletableFuture.encodeThrowable(CompletableFuture.java:292)
	at java.util.concurrent.CompletableFuture.completeThrowable(CompletableFuture.java:308)
	at java.util.concurrent.CompletableFuture.uniApply(CompletableFuture.java:593)
	at java.util.concurrent.CompletableFuture$UniApply.tryFire(CompletableFuture.java:577)
	at java.util.concurrent.CompletableFuture.uniApplyStage(CompletableFuture.java:617)
	at java.util.concurrent.CompletableFuture.thenApplyAsync(CompletableFuture.java:1993)
	at java.util.concurrent.CompletableFuture.thenApplyAsync(CompletableFuture.java:110)
	at play.libs.streams.Accumulator$StrictAccumulator.lambda$map$0(Accumulator.java:362)
	at java.util.function.Function.lambda$andThen$1(Function.java:88)
	at java.util.function.Function.lambda$andThen$1(Function.java:88)
	at play.libs.streams.Accumulator$StrictAccumulator$1.apply(Accumulator.java:403)
	at play.libs.streams.Accumulator$StrictAccumulator$1.apply(Accumulator.java:400)
	at scala.Function1.$anonfun$andThen$1(Function1.scala:57)
	at scala.Function1.$anonfun$andThen$1(Function1.scala:57)
	at play.api.libs.streams.StrictAccumulator.run(Accumulator.scala:207)
	at play.core.server.AkkaHttpServer.$anonfun$runAction$4(AkkaHttpServer.scala:376)
	at akka.http.scaladsl.util.FastFuture$.strictTransform$1(FastFuture.scala:41)
	at akka.http.scaladsl.util.FastFuture$.$anonfun$transformWith$3(FastFuture.scala:51)
	... 12 common frames omitted
Caused by: javax.persistence.PersistenceException: Query threw SQLException:Column "T0.DEPARTMENT_ID" not found; SQL statement:
select t0.department_id, t0.type, t0.id, t0.email, t0.date_of_birth, t0.name, t0.password, t0.role, t0.job_role, t0.address_id, t0.dept from User t0 where t0.type = 'e'  and (t0.department_id) in (?,?,?,?,?,?,?,?,?,?)  [42122-197] Bind values:[null] Query was:select t0.department_id, t0.type, t0.id, t0.email, t0.date_of_birth, t0.name, t0.password, t0.role, t0.job_role, t0.address_id, t0.dept from User t0 where t0.type = 'e'  and (t0.department_id) in (?,?,?,?,?,?,?,?,?,?) 
	at io.ebean.config.dbplatform.SqlCodeTranslator.translate(SqlCodeTranslator.java:48)
	at io.ebean.config.dbplatform.DatabasePlatform.translate(DatabasePlatform.java:195)
	at io.ebeaninternal.server.query.CQueryEngine.translate(CQueryEngine.java:139)
	at io.ebeaninternal.server.query.DefaultOrmQueryEngine.translate(DefaultOrmQueryEngine.java:38)
	at io.ebeaninternal.server.core.OrmQueryRequest.translate(OrmQueryRequest.java:81)
	at io.ebeaninternal.server.query.CQuery.createPersistenceException(CQuery.java:666)
	at io.ebeaninternal.server.query.CQueryEngine.findMany(CQueryEngine.java:373)
	at io.ebeaninternal.server.query.DefaultOrmQueryEngine.findMany(DefaultOrmQueryEngine.java:126)
	at io.ebeaninternal.server.core.OrmQueryRequest.findList(OrmQueryRequest.java:371)
	at io.ebeaninternal.server.core.DefaultServer.findList(DefaultServer.java:1506)
	at io.ebeaninternal.server.core.DefaultBeanLoader.executeQuery(DefaultBeanLoader.java:231)
	at io.ebeaninternal.server.core.DefaultBeanLoader.loadMany(DefaultBeanLoader.java:88)
	at io.ebeaninternal.server.core.DefaultServer.loadMany(DefaultServer.java:492)
	at io.ebeaninternal.server.loadcontext.DLoadManyContext$LoadBuffer.loadMany(DLoadManyContext.java:223)
	at io.ebean.common.AbstractBeanCollection.lazyLoadCollection(AbstractBeanCollection.java:106)
	at io.ebean.common.BeanList.init(BeanList.java:135)
	at io.ebean.common.BeanList.size(BeanList.java:459)
	at views.html.employees$.$anonfun$apply$1(employees.template.scala:59)
	at scala.collection.TraversableLike.$anonfun$map$1(TraversableLike.scala:237)
	at scala.collection.Iterator.foreach(Iterator.scala:941)
	at scala.collection.Iterator.foreach$(Iterator.scala:941)
	at scala.collection.AbstractIterator.foreach(Iterator.scala:1429)
	at scala.collection.IterableLike.foreach(IterableLike.scala:74)
	at scala.collection.IterableLike.foreach$(IterableLike.scala:73)
	at scala.collection.AbstractIterable.foreach(Iterable.scala:56)
	at scala.collection.TraversableLike.map(TraversableLike.scala:237)
	at scala.collection.TraversableLike.map$(TraversableLike.scala:230)
	at scala.collection.AbstractTraversable.map(Traversable.scala:108)
	at views.html.employees$.apply(employees.template.scala:57)
	at views.html.employees$.render(employees.template.scala:148)
	at views.html.employees.render(employees.template.scala)
	at controllers.HomeController.usersEmployees(HomeController.java:254)
	at router.Routes$$anonfun$routes$1.$anonfun$applyOrElse$24(Routes.scala:551)
	at play.core.routing.HandlerInvokerFactory$$anon$6.resultCall(HandlerInvoker.scala:134)
	at play.core.routing.HandlerInvokerFactory$$anon$6.resultCall(HandlerInvoker.scala:133)
	at play.core.routing.HandlerInvokerFactory$JavaActionInvokerFactory$$anon$3$$anon$4$$anon$5.invocation(HandlerInvoker.scala:108)
	at play.core.j.JavaAction$$anon$1.call(JavaAction.scala:88)
	at play.http.DefaultActionCreator$1.call(DefaultActionCreator.java:31)
	at play.core.j.JavaAction.$anonfun$apply$8(JavaAction.scala:138)
	at scala.concurrent.Future$.$anonfun$apply$1(Future.scala:658)
	at scala.util.Success.$anonfun$map$1(Try.scala:255)
	at scala.util.Success.map(Try.scala:213)
	at scala.concurrent.Future.$anonfun$map$1(Future.scala:292)
	at scala.concurrent.impl.Promise.liftedTree1$1(Promise.scala:33)
	at scala.concurrent.impl.Promise.$anonfun$transform$1(Promise.scala:33)
	at scala.concurrent.impl.CallbackRunnable.run(Promise.scala:64)
	at play.core.j.HttpExecutionContext$$anon$2.run(HttpExecutionContext.scala:56)
	at play.api.libs.streams.Execution$trampoline$.execute(Execution.scala:70)
	at play.core.j.HttpExecutionContext.execute(HttpExecutionContext.scala:48)
	at scala.concurrent.impl.CallbackRunnable.executeWithValue(Promise.scala:72)
	at scala.concurrent.impl.Promise$KeptPromise$Kept.onComplete(Promise.scala:372)
	at scala.concurrent.impl.Promise$KeptPromise$Kept.onComplete$(Promise.scala:371)
	at scala.concurrent.impl.Promise$KeptPromise$Successful.onComplete(Promise.scala:379)
	at scala.concurrent.impl.Promise.transform(Promise.scala:33)
	at scala.concurrent.impl.Promise.transform$(Promise.scala:31)
	at scala.concurrent.impl.Promise$KeptPromise$Successful.transform(Promise.scala:379)
	at scala.concurrent.Future.map(Future.scala:292)
	at scala.concurrent.Future.map$(Future.scala:292)
	at scala.concurrent.impl.Promise$KeptPromise$Successful.map(Promise.scala:379)
	at scala.concurrent.Future$.apply(Future.scala:658)
	at play.core.j.JavaAction.apply(JavaAction.scala:138)
	at play.api.mvc.Action.$anonfun$apply$2(Action.scala:96)
	at play.api.libs.streams.StrictAccumulator.$anonfun$mapFuture$4(Accumulator.scala:174)
	at scala.util.Try$.apply(Try.scala:213)
	at play.api.libs.streams.StrictAccumulator.$anonfun$mapFuture$3(Accumulator.scala:174)
	at scala.Function1.$anonfun$andThen$1(Function1.scala:57)
	at scala.Function1.$anonfun$andThen$1(Function1.scala:57)
	at play.api.libs.streams.StrictAccumulator$$anon$1.apply(Accumulator.scala:218)
	at play.api.libs.streams.StrictAccumulator$$anon$1.apply(Accumulator.scala:217)
	... 22 common frames omitted
Caused by: org.h2.jdbc.JdbcSQLException: Column "T0.DEPARTMENT_ID" not found; SQL statement:
select t0.department_id, t0.type, t0.id, t0.email, t0.date_of_birth, t0.name, t0.password, t0.role, t0.job_role, t0.address_id, t0.dept from User t0 where t0.type = 'e'  and (t0.department_id) in (?,?,?,?,?,?,?,?,?,?)  [42122-197]
	at org.h2.message.DbException.getJdbcSQLException(DbException.java:357)
	at org.h2.message.DbException.get(DbException.java:179)
	at org.h2.message.DbException.get(DbException.java:155)
	at org.h2.expression.ExpressionColumn.optimize(ExpressionColumn.java:150)
	at org.h2.command.dml.Select.prepare(Select.java:858)
	at org.h2.command.Parser.prepareCommand(Parser.java:283)
	at org.h2.engine.Session.prepareLocal(Session.java:611)
	at org.h2.engine.Session.prepareCommand(Session.java:549)
	at org.h2.jdbc.JdbcConnection.prepareCommand(JdbcConnection.java:1247)
	at org.h2.jdbc.JdbcPreparedStatement.<init>(JdbcPreparedStatement.java:76)
	at org.h2.jdbc.JdbcConnection.prepareStatement(JdbcConnection.java:304)
	at com.zaxxer.hikari.pool.ProxyConnection.prepareStatement(ProxyConnection.java:318)
	at com.zaxxer.hikari.pool.HikariProxyConnection.prepareStatement(HikariProxyConnection.java)
	at io.ebeaninternal.server.query.CQuery.prepareBindExecuteQueryWithOption(CQuery.java:343)
	at io.ebeaninternal.server.query.CQuery.prepareBindExecuteQuery(CQuery.java:310)
	at io.ebeaninternal.server.query.CQueryEngine.findMany(CQueryEngine.java:349)
	... 84 common frames omitted
2019-03-18 20:22:30,980 [INFO] from application in application-akka.actor.default-dispatcher-10 - ApplicationTimer demo: Stopping application at 2019-03-18T20:22:30.980Z after 213s.
2019-03-18 20:22:30,981 [INFO] from application in application-akka.actor.default-dispatcher-10 - Shutting down connection pool.
2019-03-18 20:22:31,372 [INFO] from play.api.db.DefaultDBApi in play-dev-mode-akka.actor.default-dispatcher-22 - Database [default] initialized at jdbc:h2:file:./data/productsDB
2019-03-18 20:22:31,372 [INFO] from application in play-dev-mode-akka.actor.default-dispatcher-22 - Creating Pool for datasource 'default'
2019-03-18 20:22:31,574 [INFO] from application in play-dev-mode-akka.actor.default-dispatcher-22 - ApplicationTimer demo: Starting application at 2019-03-18T20:22:31.574Z
2019-03-18 20:22:31,626 [ERROR] from application in play-dev-mode-akka.actor.default-dispatcher-22 - 

! @7b91jlig0 - Internal server error, for (GET) [/employees] ->
 
play.api.db.evolutions.InvalidDatabaseRevision: Database 'default' needs evolution![An SQL script need to be run on your database.]
	at play.api.db.evolutions.ApplicationEvolutions.$anonfun$runEvolutions$1(ApplicationEvolutions.scala:78)
	at play.api.db.evolutions.ApplicationEvolutions.withLock(ApplicationEvolutions.scala:100)
	at play.api.db.evolutions.ApplicationEvolutions.runEvolutions(ApplicationEvolutions.scala:49)
	at play.api.db.evolutions.ApplicationEvolutions.$anonfun$start$1(ApplicationEvolutions.scala:42)
	at play.api.db.evolutions.ApplicationEvolutions.$anonfun$start$1$adapted(ApplicationEvolutions.scala:42)
	at scala.collection.immutable.List.foreach(List.scala:392)
	at play.api.db.evolutions.ApplicationEvolutions.start(ApplicationEvolutions.scala:42)
	at play.api.db.evolutions.ApplicationEvolutions.<init>(ApplicationEvolutions.scala:152)
	at play.api.db.evolutions.ApplicationEvolutionsProvider.get$lzycompute(EvolutionsModule.scala:50)
	at play.api.db.evolutions.ApplicationEvolutionsProvider.get(EvolutionsModule.scala:49)
	at play.api.db.evolutions.ApplicationEvolutionsProvider.get(EvolutionsModule.scala:40)
	at com.google.inject.internal.ProviderInternalFactory.provision(ProviderInternalFactory.java:81)
	at com.google.inject.internal.BoundProviderFactory.provision(BoundProviderFactory.java:72)
	at com.google.inject.internal.ProviderInternalFactory.circularGet(ProviderInternalFactory.java:61)
	at com.google.inject.internal.BoundProviderFactory.get(BoundProviderFactory.java:62)
	at com.google.inject.internal.ProviderToInternalFactoryAdapter$1.call(ProviderToInternalFactoryAdapter.java:46)
	at com.google.inject.internal.InjectorImpl.callInContext(InjectorImpl.java:1092)
	at com.google.inject.internal.ProviderToInternalFactoryAdapter.get(ProviderToInternalFactoryAdapter.java:40)
	at com.google.inject.internal.SingletonScope$1.get(SingletonScope.java:194)
	at com.google.inject.internal.InternalFactoryToProviderAdapter.get(InternalFactoryToProviderAdapter.java:41)
	at com.google.inject.internal.InternalInjectorCreator$1.call(InternalInjectorCreator.java:205)
	at com.google.inject.internal.InternalInjectorCreator$1.call(InternalInjectorCreator.java:199)
	at com.google.inject.internal.InjectorImpl.callInContext(InjectorImpl.java:1085)
	at com.google.inject.internal.InternalInjectorCreator.loadEagerSingletons(InternalInjectorCreator.java:199)
	at com.google.inject.internal.InternalInjectorCreator.injectDynamically(InternalInjectorCreator.java:180)
	at com.google.inject.internal.InternalInjectorCreator.build(InternalInjectorCreator.java:110)
	at com.google.inject.Guice.createInjector(Guice.java:99)
	at com.google.inject.Guice.createInjector(Guice.java:84)
	at play.api.inject.guice.GuiceBuilder.injector(GuiceInjectorBuilder.scala:185)
	at play.api.inject.guice.GuiceApplicationBuilder.build(GuiceApplicationBuilder.scala:137)
	at play.api.inject.guice.GuiceApplicationLoader.load(GuiceApplicationLoader.scala:21)
	at play.core.server.DevServerStart$$anon$1.$anonfun$reload$3(DevServerStart.scala:174)
	at play.utils.Threads$.withContextClassLoader(Threads.scala:21)
	at play.core.server.DevServerStart$$anon$1.reload(DevServerStart.scala:171)
	at play.core.server.DevServerStart$$anon$1.get(DevServerStart.scala:124)
	at play.core.server.AkkaHttpServer.handleRequest(AkkaHttpServer.scala:241)
	at play.core.server.AkkaHttpServer.$anonfun$createServerBinding$1(AkkaHttpServer.scala:138)
	at akka.stream.impl.fusing.MapAsyncUnordered$$anon$31.onPush(Ops.scala:1318)
	at akka.stream.impl.fusing.GraphInterpreter.processPush(GraphInterpreter.scala:519)
	at akka.stream.impl.fusing.GraphInterpreter.processEvent(GraphInterpreter.scala:482)
	at akka.stream.impl.fusing.GraphInterpreter.execute(GraphInterpreter.scala:378)
	at akka.stream.impl.fusing.GraphInterpreterShell.runBatch(ActorGraphInterpreter.scala:588)
	at akka.stream.impl.fusing.GraphInterpreterShell$AsyncInput.execute(ActorGraphInterpreter.scala:472)
	at akka.stream.impl.fusing.GraphInterpreterShell.processEvent(ActorGraphInterpreter.scala:563)
	at akka.stream.impl.fusing.ActorGraphInterpreter.akka$stream$impl$fusing$ActorGraphInterpreter$$processEvent(ActorGraphInterpreter.scala:745)
	at akka.stream.impl.fusing.ActorGraphInterpreter$$anonfun$receive$1.applyOrElse(ActorGraphInterpreter.scala:760)
	at akka.actor.Actor.aroundReceive(Actor.scala:517)
	at akka.actor.Actor.aroundReceive$(Actor.scala:515)
	at akka.stream.impl.fusing.ActorGraphInterpreter.aroundReceive(ActorGraphInterpreter.scala:670)
	at akka.actor.ActorCell.receiveMessage(ActorCell.scala:588)
	at akka.actor.ActorCell.invoke(ActorCell.scala:557)
	at akka.dispatch.Mailbox.processMailbox(Mailbox.scala:258)
	at akka.dispatch.Mailbox.run(Mailbox.scala:225)
	at akka.dispatch.Mailbox.exec(Mailbox.scala:235)
	at akka.dispatch.forkjoin.ForkJoinTask.doExec(ForkJoinTask.java:260)
	at akka.dispatch.forkjoin.ForkJoinPool$WorkQueue.runTask(ForkJoinPool.java:1339)
	at akka.dispatch.forkjoin.ForkJoinPool.runWorker(ForkJoinPool.java:1979)
	at akka.dispatch.forkjoin.ForkJoinWorkerThread.run(ForkJoinWorkerThread.java:107)
2019-03-18 20:22:36,213 [INFO] from application in play-dev-mode-akka.actor.default-dispatcher-23 - ApplicationTimer demo: Stopping application at 2019-03-18T20:22:36.213Z after 5s.
2019-03-18 20:22:36,214 [INFO] from application in play-dev-mode-akka.actor.default-dispatcher-23 - Shutting down connection pool.
2019-03-18 20:22:36,416 [INFO] from play.api.db.DefaultDBApi in play-dev-mode-akka.actor.default-dispatcher-23 - Database [default] initialized at jdbc:h2:file:./data/productsDB
2019-03-18 20:22:36,418 [INFO] from application in play-dev-mode-akka.actor.default-dispatcher-23 - Creating Pool for datasource 'default'
2019-03-18 20:22:36,531 [INFO] from application in play-dev-mode-akka.actor.default-dispatcher-23 - ApplicationTimer demo: Starting application at 2019-03-18T20:22:36.531Z
2019-03-18 20:22:36,552 [WARN] from org.hibernate.validator.messageinterpolation.ParameterMessageInterpolator in play-dev-mode-akka.actor.default-dispatcher-23 - HV000184: ParameterMessageInterpolator has been chosen, EL interpolation will not be supported
2019-03-18 20:22:36,644 [INFO] from play.api.http.EnabledFilters in play-dev-mode-akka.actor.default-dispatcher-23 - Enabled Filters (see <https://www.playframework.com/documentation/latest/Filters>):

    play.filters.csrf.CSRFFilter
    play.filters.headers.SecurityHeadersFilter
    play.filters.hosts.AllowedHostsFilter
    filters.ExampleFilter

2019-03-18 20:22:36,645 [INFO] from play.api.Play in play-dev-mode-akka.actor.default-dispatcher-23 - Application started (Dev)
2019-03-18 20:31:49,122 [INFO] from play.core.server.AkkaHttpServer in pool-5-thread-2 - Stopping server...
2019-03-18 20:31:49,177 [INFO] from application in application-akka.actor.default-dispatcher-34 - ApplicationTimer demo: Stopping application at 2019-03-18T20:31:49.177Z after 553s.
2019-03-18 20:31:49,177 [INFO] from application in application-akka.actor.default-dispatcher-34 - Shutting down connection pool.
